# JRE version: OpenJDK Runtime Environment (17.0.7) (build 17.0.7+0-b2043.56-10550314)
# Java VM: OpenJDK 64-Bit Server VM (17.0.7+0-b2043.56-10550314, mixed mode, tiered, compressed oops, compressed class ptrs, g1 gc, windows-amd64)
GC Precious Log:
 CPUs: 8 total, 8 available
 Memory: 7987M
 Large Page Support: Disabled
 NUMA Support: Disabled
 Compressed Oops: Enabled (Zero based)
 Heap Region Size: 2M
 Heap Min Capacity: 8M
 Heap Initial Capacity: 126M
 Heap Max Capacity: 4G
 Pre-touch: Disabled
 Parallel Workers: 8
 Concurrent Workers: 2
 Concurrent Refinement Workers: 8
 Periodic GC: Disabled
Heap:
 garbage-first heap   total 356352K, used 237000K [0x0000000700000000, 0x0000000800000000)
  region size 2048K, 33 young (67584K), 7 survivors (14336K)
 Metaspace       used 121991K, committed 123136K, reserved 1179648K
  class space    used 16778K, committed 17280K, reserved 1048576K
GC Heap History (20 events):
Event: 17.691 GC heap before
{Heap before GC invocations=54 (full 0):
 garbage-first heap   total 305152K, used 229674K [0x0000000700000000, 0x0000000800000000)
  region size 2048K, 60 young (122880K), 6 survivors (12288K)
 Metaspace       used 106353K, committed 107264K, reserved 1179648K
  class space    used 14828K, committed 15232K, reserved 1048576K
}
Event: 17.705 GC heap after
{Heap after GC invocations=55 (full 0):
 garbage-first heap   total 305152K, used 139572K [0x0000000700000000, 0x0000000800000000)
  region size 2048K, 8 young (16384K), 8 survivors (16384K)
 Metaspace       used 106353K, committed 107264K, reserved 1179648K
  class space    used 14828K, committed 15232K, reserved 1048576K
}
Event: 18.801 GC heap before
{Heap before GC invocations=55 (full 0):
 garbage-first heap   total 305152K, used 231732K [0x0000000700000000, 0x0000000800000000)
  region size 2048K, 53 young (108544K), 8 survivors (16384K)
 Metaspace       used 112160K, committed 113152K, reserved 1179648K
  class space    used 15582K, committed 16064K, reserved 1048576K
}
Event: 18.812 GC heap after
{Heap after GC invocations=56 (full 0):
 garbage-first heap   total 305152K, used 149468K [0x0000000700000000, 0x0000000800000000)
  region size 2048K, 4 young (8192K), 4 survivors (8192K)
 Metaspace       used 112160K, committed 113152K, reserved 1179648K
  class space    used 15582K, committed 16064K, reserved 1048576K
}
Event: 26.711 GC heap before
{Heap before GC invocations=56 (full 0):
 garbage-first heap   total 305152K, used 237532K [0x0000000700000000, 0x0000000800000000)
  region size 2048K, 48 young (98304K), 4 survivors (8192K)
 Metaspace       used 115741K, committed 116736K, reserved 1179648K
  class space    used 16085K, committed 16512K, reserved 1048576K
}
Event: 26.725 GC heap after
{Heap after GC invocations=57 (full 0):
 garbage-first heap   total 305152K, used 155562K [0x0000000700000000, 0x0000000800000000)
  region size 2048K, 3 young (6144K), 3 survivors (6144K)
 Metaspace       used 115741K, committed 116736K, reserved 1179648K
  class space    used 16085K, committed 16512K, reserved 1048576K
}
Event: 27.823 GC heap before
{Heap before GC invocations=58 (full 0):
 garbage-first heap   total 346112K, used 319402K [0x0000000700000000, 0x0000000800000000)
  region size 2048K, 45 young (92160K), 3 survivors (6144K)
 Metaspace       used 117257K, committed 118272K, reserved 1179648K
  class space    used 16256K, committed 16704K, reserved 1048576K
}
Event: 27.832 GC heap after
{Heap after GC invocations=59 (full 0):
 garbage-first heap   total 346112K, used 242184K [0x0000000700000000, 0x0000000800000000)
  region size 2048K, 6 young (12288K), 6 survivors (12288K)
 Metaspace       used 117257K, committed 118272K, reserved 1179648K
  class space    used 16256K, committed 16704K, reserved 1048576K
}
Event: 27.870 GC heap before
{Heap before GC invocations=59 (full 0):
 garbage-first heap   total 346112K, used 246280K [0x0000000700000000, 0x0000000800000000)
  region size 2048K, 9 young (18432K), 6 survivors (12288K)
 Metaspace       used 117312K, committed 118272K, reserved 1179648K
  class space    used 16256K, committed 16704K, reserved 1048576K
}
Event: 27.878 GC heap after
{Heap after GC invocations=60 (full 0):
 garbage-first heap   total 346112K, used 242735K [0x0000000700000000, 0x0000000800000000)
  region size 2048K, 1 young (2048K), 1 survivors (2048K)
 Metaspace       used 117312K, committed 118272K, reserved 1179648K
  class space    used 16256K, committed 16704K, reserved 1048576K
}
Event: 29.001 GC heap before
{Heap before GC invocations=60 (full 0):
 garbage-first heap   total 346112K, used 291887K [0x0000000700000000, 0x0000000800000000)
  region size 2048K, 26 young (53248K), 1 survivors (2048K)
 Metaspace       used 118997K, committed 120064K, reserved 1179648K
  class space    used 16462K, committed 16960K, reserved 1048576K
}
Event: 29.005 GC heap after
{Heap after GC invocations=61 (full 0):
 garbage-first heap   total 346112K, used 204740K [0x0000000700000000, 0x0000000800000000)
  region size 2048K, 3 young (6144K), 3 survivors (6144K)
 Metaspace       used 118997K, committed 120064K, reserved 1179648K
  class space    used 16462K, committed 16960K, reserved 1048576K
}
Event: 30.049 GC heap before
{Heap before GC invocations=62 (full 0):
 garbage-first heap   total 356352K, used 339908K [0x0000000700000000, 0x0000000800000000)
  region size 2048K, 22 young (45056K), 3 survivors (6144K)
 Metaspace       used 120149K, committed 121152K, reserved 1179648K
  class space    used 16638K, committed 17088K, reserved 1048576K
}
Event: 30.055 GC heap after
{Heap after GC invocations=63 (full 0):
 garbage-first heap   total 356352K, used 164776K [0x0000000700000000, 0x0000000800000000)
  region size 2048K, 3 young (6144K), 3 survivors (6144K)
 Metaspace       used 120149K, committed 121152K, reserved 1179648K
  class space    used 16638K, committed 17088K, reserved 1048576K
}
Event: 351.949 GC heap before
{Heap before GC invocations=63 (full 0):
 garbage-first heap   total 356352K, used 175016K [0x0000000700000000, 0x0000000800000000)
  region size 2048K, 8 young (16384K), 3 survivors (6144K)
 Metaspace       used 120599K, committed 121664K, reserved 1179648K
  class space    used 16694K, committed 17152K, reserved 1048576K
}
Event: 352.090 GC heap after
{Heap after GC invocations=64 (full 0):
 garbage-first heap   total 356352K, used 164144K [0x0000000700000000, 0x0000000800000000)
  region size 2048K, 1 young (2048K), 1 survivors (2048K)
 Metaspace       used 120599K, committed 121664K, reserved 1179648K
  class space    used 16694K, committed 17152K, reserved 1048576K
}
Event: 2334.975 GC heap before
{Heap before GC invocations=64 (full 0):
 garbage-first heap   total 356352K, used 289072K [0x0000000700000000, 0x0000000800000000)
  region size 2048K, 63 young (129024K), 1 survivors (2048K)
 Metaspace       used 121220K, committed 122304K, reserved 1179648K
  class space    used 16723K, committed 17216K, reserved 1048576K
}
Event: 2335.010 GC heap after
{Heap after GC invocations=65 (full 0):
 garbage-first heap   total 356352K, used 172793K [0x0000000700000000, 0x0000000800000000)
  region size 2048K, 5 young (10240K), 5 survivors (10240K)
 Metaspace       used 121220K, committed 122304K, reserved 1179648K
  class space    used 16723K, committed 17216K, reserved 1048576K
}
Event: 2337.766 GC heap before
{Heap before GC invocations=65 (full 0):
 garbage-first heap   total 356352K, used 291577K [0x0000000700000000, 0x0000000800000000)
  region size 2048K, 63 young (129024K), 5 survivors (10240K)
 Metaspace       used 121940K, committed 123072K, reserved 1179648K
  class space    used 16775K, committed 17280K, reserved 1048576K
}
Event: 2337.819 GC heap after
{Heap after GC invocations=66 (full 0):
 garbage-first heap   total 356352K, used 185800K [0x0000000700000000, 0x0000000800000000)
  region size 2048K, 7 young (14336K), 7 survivors (14336K)
 Metaspace       used 121940K, committed 123072K, reserved 1179648K
  class space    used 16775K, committed 17280K, reserved 1048576K
}

